<?xml version="1.0" encoding="UTF-8"?>
<testng-results skipped="0" failed="0" ignored="10" total="14" passed="4">
  <reporter-output>
  </reporter-output>
  <suite name="Smoke Suite" duration-ms="26990" started-at="2023-06-12T17:43:45 CDT" finished-at="2023-06-12T17:44:12 CDT">
    <groups>
    </groups>
    <test name="Critical Functionalities" duration-ms="26990" started-at="2023-06-12T17:43:45 CDT" finished-at="2023-06-12T17:44:12 CDT">
      <class name="scripts._05_FacebookTest">
        <test-method status="PASS" signature="setUp()[pri:0, instance:scripts._05_FacebookTest@490ab905]" name="setUp" is-config="true" duration-ms="1788" started-at="2023-06-12T17:44:01 CDT" finished-at="2023-06-12T17:44:03 CDT">
          <reporter-output>
          </reporter-output>
        </test-method> <!-- setUp -->
        <test-method status="PASS" signature="setPage()[pri:0, instance:scripts._05_FacebookTest@490ab905]" name="setPage" is-config="true" duration-ms="1725" started-at="2023-06-12T17:44:03 CDT" finished-at="2023-06-12T17:44:04 CDT">
          <reporter-output>
          </reporter-output>
        </test-method> <!-- setPage -->
        <test-method status="PASS" signature="validateFacebookLoginForm()[pri:0, instance:scripts._05_FacebookTest@490ab905]" name="validateFacebookLoginForm" duration-ms="758" started-at="2023-06-12T17:44:04 CDT" finished-at="2023-06-12T17:44:05 CDT">
          <reporter-output>
          </reporter-output>
        </test-method> <!-- validateFacebookLoginForm -->
        <test-method status="PASS" signature="tearDown()[pri:0, instance:scripts._05_FacebookTest@490ab905]" name="tearDown" is-config="true" duration-ms="866" started-at="2023-06-12T17:44:05 CDT" finished-at="2023-06-12T17:44:06 CDT">
          <reporter-output>
          </reporter-output>
        </test-method> <!-- tearDown -->
      </class> <!-- scripts._05_FacebookTest -->
      <class name="scripts._01_GoogleTest">
        <test-method status="PASS" signature="setup()[pri:0, instance:scripts._01_GoogleTest@3f49dace]" name="setup" is-config="true" duration-ms="6653" started-at="2023-06-12T17:43:45 CDT" finished-at="2023-06-12T17:43:51 CDT">
          <reporter-output>
          </reporter-output>
        </test-method> <!-- setup -->
        <test-method status="PASS" signature="validateSearchBar()[pri:2, instance:scripts._01_GoogleTest@3f49dace]" name="validateSearchBar" duration-ms="201" started-at="2023-06-12T17:43:51 CDT" finished-at="2023-06-12T17:43:52 CDT">
          <reporter-output>
          </reporter-output>
        </test-method> <!-- validateSearchBar -->
        <test-method status="PASS" signature="tearDown()[pri:0, instance:scripts._01_GoogleTest@3f49dace]" name="tearDown" is-config="true" duration-ms="3912" started-at="2023-06-12T17:43:52 CDT" finished-at="2023-06-12T17:43:56 CDT">
          <reporter-output>
          </reporter-output>
        </test-method> <!-- tearDown -->
      </class> <!-- scripts._01_GoogleTest -->
      <class name="scripts._06_WikiTest">
        <test-method status="PASS" signature="setUp()[pri:0, instance:scripts._06_WikiTest@56ac3a89]" name="setUp" is-config="true" duration-ms="2075" started-at="2023-06-12T17:44:06 CDT" finished-at="2023-06-12T17:44:08 CDT">
          <reporter-output>
          </reporter-output>
        </test-method> <!-- setUp -->
        <test-method status="PASS" signature="setPage()[pri:0, instance:scripts._06_WikiTest@56ac3a89]" name="setPage" is-config="true" duration-ms="1703" started-at="2023-06-12T17:44:08 CDT" finished-at="2023-06-12T17:44:10 CDT">
          <reporter-output>
          </reporter-output>
        </test-method> <!-- setPage -->
        <test-method status="PASS" signature="validateWikiSearch1()[pri:0, instance:scripts._06_WikiTest@56ac3a89]" name="validateWikiSearch1" duration-ms="1016" started-at="2023-06-12T17:44:10 CDT" finished-at="2023-06-12T17:44:11 CDT">
          <reporter-output>
          </reporter-output>
        </test-method> <!-- validateWikiSearch1 -->
        <test-method status="PASS" signature="tearDown()[pri:0, instance:scripts._06_WikiTest@56ac3a89]" name="tearDown" is-config="true" duration-ms="945" started-at="2023-06-12T17:44:11 CDT" finished-at="2023-06-12T17:44:12 CDT">
          <reporter-output>
          </reporter-output>
        </test-method> <!-- tearDown -->
      </class> <!-- scripts._06_WikiTest -->
      <class name="scripts._03_TGLocatorsTest">
        <test-method status="PASS" signature="setUp()[pri:0, instance:scripts._03_TGLocatorsTest@1e397ed7]" name="setUp" is-config="true" duration-ms="1766" started-at="2023-06-12T17:43:56 CDT" finished-at="2023-06-12T17:43:57 CDT">
          <reporter-output>
          </reporter-output>
        </test-method> <!-- setUp -->
        <test-method status="PASS" signature="setPage()[pri:0, instance:scripts._03_TGLocatorsTest@1e397ed7]" name="setPage" is-config="true" duration-ms="2098" started-at="2023-06-12T17:43:57 CDT" finished-at="2023-06-12T17:43:59 CDT">
          <reporter-output>
          </reporter-output>
        </test-method> <!-- setPage -->
        <test-method status="PASS" signature="validateAllParagraphs()[pri:4, instance:scripts._03_TGLocatorsTest@1e397ed7]" name="validateAllParagraphs" duration-ms="413" started-at="2023-06-12T17:43:59 CDT" finished-at="2023-06-12T17:44:00 CDT">
          <reporter-output>
          </reporter-output>
        </test-method> <!-- validateAllParagraphs -->
        <test-method status="PASS" signature="tearDown()[pri:0, instance:scripts._03_TGLocatorsTest@1e397ed7]" name="tearDown" is-config="true" duration-ms="1008" started-at="2023-06-12T17:44:00 CDT" finished-at="2023-06-12T17:44:01 CDT">
          <reporter-output>
          </reporter-output>
        </test-method> <!-- tearDown -->
      </class> <!-- scripts._03_TGLocatorsTest -->
    </test> <!-- Critical Functionalities -->
  </suite> <!-- Smoke Suite -->
</testng-results>
